mode: set
github.com/robertguss/recon/internal/cli/decide.go:14.48,37.55 2 1
github.com/robertguss/recon/internal/cli/decide.go:37.55,39.16 1 1
github.com/robertguss/recon/internal/cli/decide.go:39.16,41.19 2 1
github.com/robertguss/recon/internal/cli/decide.go:41.19,42.17 1 1
github.com/robertguss/recon/internal/cli/decide.go:42.17,44.7 1 1
github.com/robertguss/recon/internal/cli/decide.go:45.6,45.16 1 1
github.com/robertguss/recon/internal/cli/decide.go:47.5,50.19 3 1
github.com/robertguss/recon/internal/cli/decide.go:50.19,51.17 1 1
github.com/robertguss/recon/internal/cli/decide.go:51.17,54.7 2 1
github.com/robertguss/recon/internal/cli/decide.go:55.6,55.16 1 1
github.com/robertguss/recon/internal/cli/decide.go:58.5,58.16 1 1
github.com/robertguss/recon/internal/cli/decide.go:58.16,60.6 1 1
github.com/robertguss/recon/internal/cli/decide.go:61.5,61.24 1 1
github.com/robertguss/recon/internal/cli/decide.go:61.24,64.6 2 1
github.com/robertguss/recon/internal/cli/decide.go:65.5,65.32 1 1
github.com/robertguss/recon/internal/cli/decide.go:65.32,67.6 1 1
github.com/robertguss/recon/internal/cli/decide.go:68.5,68.15 1 1
github.com/robertguss/recon/internal/cli/decide.go:72.4,72.20 1 1
github.com/robertguss/recon/internal/cli/decide.go:72.20,74.19 2 1
github.com/robertguss/recon/internal/cli/decide.go:74.19,75.17 1 1
github.com/robertguss/recon/internal/cli/decide.go:75.17,77.7 1 1
github.com/robertguss/recon/internal/cli/decide.go:78.6,78.16 1 1
github.com/robertguss/recon/internal/cli/decide.go:80.5,83.19 3 1
github.com/robertguss/recon/internal/cli/decide.go:83.19,84.17 1 1
github.com/robertguss/recon/internal/cli/decide.go:84.17,86.48 2 1
github.com/robertguss/recon/internal/cli/decide.go:86.48,88.8 1 1
github.com/robertguss/recon/internal/cli/decide.go:89.7,90.32 2 1
github.com/robertguss/recon/internal/cli/decide.go:92.6,92.16 1 1
github.com/robertguss/recon/internal/cli/decide.go:94.5,94.16 1 1
github.com/robertguss/recon/internal/cli/decide.go:94.16,96.6 1 1
github.com/robertguss/recon/internal/cli/decide.go:97.5,98.15 2 1
github.com/robertguss/recon/internal/cli/decide.go:102.4,102.20 1 1
github.com/robertguss/recon/internal/cli/decide.go:102.20,103.43 1 1
github.com/robertguss/recon/internal/cli/decide.go:103.43,105.17 2 1
github.com/robertguss/recon/internal/cli/decide.go:105.17,108.7 2 1
github.com/robertguss/recon/internal/cli/decide.go:109.6,109.45 1 1
github.com/robertguss/recon/internal/cli/decide.go:112.5,113.19 2 1
github.com/robertguss/recon/internal/cli/decide.go:113.19,114.17 1 1
github.com/robertguss/recon/internal/cli/decide.go:114.17,116.7 1 1
github.com/robertguss/recon/internal/cli/decide.go:117.6,117.16 1 1
github.com/robertguss/recon/internal/cli/decide.go:119.5,122.19 3 1
github.com/robertguss/recon/internal/cli/decide.go:122.19,123.17 1 1
github.com/robertguss/recon/internal/cli/decide.go:123.17,125.14 2 1
github.com/robertguss/recon/internal/cli/decide.go:126.50,127.26 1 1
github.com/robertguss/recon/internal/cli/decide.go:128.64,129.30 1 1
github.com/robertguss/recon/internal/cli/decide.go:131.7,132.32 2 1
github.com/robertguss/recon/internal/cli/decide.go:134.6,134.16 1 1
github.com/robertguss/recon/internal/cli/decide.go:136.5,136.16 1 1
github.com/robertguss/recon/internal/cli/decide.go:136.16,138.6 1 1
github.com/robertguss/recon/internal/cli/decide.go:139.5,140.15 2 1
github.com/robertguss/recon/internal/cli/decide.go:144.4,144.14 1 1
github.com/robertguss/recon/internal/cli/decide.go:144.14,146.19 2 1
github.com/robertguss/recon/internal/cli/decide.go:146.19,147.17 1 1
github.com/robertguss/recon/internal/cli/decide.go:147.17,151.7 3 1
github.com/robertguss/recon/internal/cli/decide.go:152.6,152.16 1 1
github.com/robertguss/recon/internal/cli/decide.go:155.5,156.19 2 1
github.com/robertguss/recon/internal/cli/decide.go:156.19,157.17 1 1
github.com/robertguss/recon/internal/cli/decide.go:157.17,159.7 1 1
github.com/robertguss/recon/internal/cli/decide.go:160.6,160.16 1 1
github.com/robertguss/recon/internal/cli/decide.go:162.5,172.16 5 1
github.com/robertguss/recon/internal/cli/decide.go:172.16,173.24 1 1
github.com/robertguss/recon/internal/cli/decide.go:173.24,176.7 2 1
github.com/robertguss/recon/internal/cli/decide.go:177.6,177.30 1 1
github.com/robertguss/recon/internal/cli/decide.go:180.5,180.22 1 1
github.com/robertguss/recon/internal/cli/decide.go:180.22,183.6 2 1
github.com/robertguss/recon/internal/cli/decide.go:184.5,185.30 2 1
github.com/robertguss/recon/internal/cli/decide.go:189.4,189.22 1 1
github.com/robertguss/recon/internal/cli/decide.go:189.22,191.16 2 1
github.com/robertguss/recon/internal/cli/decide.go:191.16,194.6 2 1
github.com/robertguss/recon/internal/cli/decide.go:195.5,195.44 1 1
github.com/robertguss/recon/internal/cli/decide.go:197.4,200.18 3 1
github.com/robertguss/recon/internal/cli/decide.go:200.18,201.16 1 1
github.com/robertguss/recon/internal/cli/decide.go:201.16,205.6 3 1
github.com/robertguss/recon/internal/cli/decide.go:206.5,206.15 1 1
github.com/robertguss/recon/internal/cli/decide.go:209.4,210.18 2 1
github.com/robertguss/recon/internal/cli/decide.go:210.18,211.16 1 1
github.com/robertguss/recon/internal/cli/decide.go:211.16,213.6 1 1
github.com/robertguss/recon/internal/cli/decide.go:214.5,214.15 1 1
github.com/robertguss/recon/internal/cli/decide.go:216.4,227.18 3 1
github.com/robertguss/recon/internal/cli/decide.go:227.18,228.16 1 1
github.com/robertguss/recon/internal/cli/decide.go:228.16,232.6 3 1
github.com/robertguss/recon/internal/cli/decide.go:233.5,233.15 1 1
github.com/robertguss/recon/internal/cli/decide.go:237.4,237.23 1 1
github.com/robertguss/recon/internal/cli/decide.go:237.23,240.37 2 1
github.com/robertguss/recon/internal/cli/decide.go:240.37,251.32 3 1
github.com/robertguss/recon/internal/cli/decide.go:251.32,253.7 1 0
github.com/robertguss/recon/internal/cli/decide.go:256.5,258.32 3 1
github.com/robertguss/recon/internal/cli/decide.go:258.32,264.6 1 0
github.com/robertguss/recon/internal/cli/decide.go:267.4,267.15 1 1
github.com/robertguss/recon/internal/cli/decide.go:267.15,268.35 1 1
github.com/robertguss/recon/internal/cli/decide.go:268.35,276.6 4 1
github.com/robertguss/recon/internal/cli/decide.go:277.5,277.29 1 1
github.com/robertguss/recon/internal/cli/decide.go:280.4,280.23 1 1
github.com/robertguss/recon/internal/cli/decide.go:280.23,282.5 1 1
github.com/robertguss/recon/internal/cli/decide.go:282.10,284.5 1 1
github.com/robertguss/recon/internal/cli/decide.go:285.4,286.34 2 1
github.com/robertguss/recon/internal/cli/decide.go:286.34,288.5 1 1
github.com/robertguss/recon/internal/cli/decide.go:289.4,289.14 1 1
github.com/robertguss/recon/internal/cli/decide.go:293.2,309.12 16 1
github.com/robertguss/recon/internal/cli/decide.go:312.151,321.38 8 1
github.com/robertguss/recon/internal/cli/decide.go:321.38,323.3 1 1
github.com/robertguss/recon/internal/cli/decide.go:324.2,324.55 1 1
github.com/robertguss/recon/internal/cli/decide.go:324.55,326.3 1 1
github.com/robertguss/recon/internal/cli/decide.go:327.2,327.21 1 1
github.com/robertguss/recon/internal/cli/decide.go:327.21,329.3 1 1
github.com/robertguss/recon/internal/cli/decide.go:330.2,330.20 1 1
github.com/robertguss/recon/internal/cli/decide.go:330.20,332.3 1 1
github.com/robertguss/recon/internal/cli/decide.go:334.2,334.19 1 1
github.com/robertguss/recon/internal/cli/decide.go:335.21,336.22 1 1
github.com/robertguss/recon/internal/cli/decide.go:336.22,338.4 1 1
github.com/robertguss/recon/internal/cli/decide.go:339.3,339.66 1 1
github.com/robertguss/recon/internal/cli/decide.go:339.66,341.4 1 1
github.com/robertguss/recon/internal/cli/decide.go:342.3,344.22 1 1
github.com/robertguss/recon/internal/cli/decide.go:345.23,346.24 1 1
github.com/robertguss/recon/internal/cli/decide.go:346.24,348.4 1 1
github.com/robertguss/recon/internal/cli/decide.go:349.3,349.64 1 1
github.com/robertguss/recon/internal/cli/decide.go:349.64,351.4 1 1
github.com/robertguss/recon/internal/cli/decide.go:352.3,354.24 1 1
github.com/robertguss/recon/internal/cli/decide.go:355.22,356.25 1 1
github.com/robertguss/recon/internal/cli/decide.go:356.25,358.4 1 1
github.com/robertguss/recon/internal/cli/decide.go:359.3,359.43 1 1
github.com/robertguss/recon/internal/cli/decide.go:359.43,361.4 1 1
github.com/robertguss/recon/internal/cli/decide.go:362.3,365.47 1 1
github.com/robertguss/recon/internal/cli/decide.go:366.10,367.122 1 1
github.com/robertguss/recon/internal/cli/decide.go:371.48,372.19 1 1
github.com/robertguss/recon/internal/cli/decide.go:373.54,374.14 1 1
github.com/robertguss/recon/internal/cli/decide.go:375.10,376.15 1 1
github.com/robertguss/recon/internal/cli/decide.go:380.46,382.16 2 1
github.com/robertguss/recon/internal/cli/decide.go:382.16,384.3 1 1
github.com/robertguss/recon/internal/cli/decide.go:385.2,385.26 1 1
github.com/robertguss/recon/internal/cli/decide.go:388.69,390.29 2 1
github.com/robertguss/recon/internal/cli/decide.go:390.29,392.3 1 1
github.com/robertguss/recon/internal/cli/decide.go:393.2,393.30 1 1
github.com/robertguss/recon/internal/cli/decide.go:396.38,397.34 1 1
github.com/robertguss/recon/internal/cli/decide.go:397.34,399.3 1 1
github.com/robertguss/recon/internal/cli/decide.go:400.2,400.63 1 1
github.com/robertguss/recon/internal/cli/decide.go:400.63,402.3 1 1
github.com/robertguss/recon/internal/cli/decide.go:403.2,403.18 1 1
github.com/robertguss/recon/internal/cli/decide.go:406.47,407.9 1 1
github.com/robertguss/recon/internal/cli/decide.go:408.55,409.25 1 1
github.com/robertguss/recon/internal/cli/decide.go:410.43,411.25 1 1
github.com/robertguss/recon/internal/cli/decide.go:412.47,413.25 1 1
github.com/robertguss/recon/internal/cli/decide.go:414.54,415.25 1 1
github.com/robertguss/recon/internal/cli/decide.go:416.46,417.25 1 1
github.com/robertguss/recon/internal/cli/decide.go:418.10,419.31 1 1
github.com/robertguss/recon/internal/cli/edges.go:13.47,29.55 2 1
github.com/robertguss/recon/internal/cli/edges.go:29.55,31.18 2 1
github.com/robertguss/recon/internal/cli/edges.go:31.18,32.16 1 1
github.com/robertguss/recon/internal/cli/edges.go:32.16,34.6 1 1
github.com/robertguss/recon/internal/cli/edges.go:35.5,35.15 1 1
github.com/robertguss/recon/internal/cli/edges.go:37.4,42.18 3 1
github.com/robertguss/recon/internal/cli/edges.go:42.18,43.37 1 1
github.com/robertguss/recon/internal/cli/edges.go:43.37,45.17 2 1
github.com/robertguss/recon/internal/cli/edges.go:45.17,48.7 2 1
github.com/robertguss/recon/internal/cli/edges.go:49.6,49.45 1 0
github.com/robertguss/recon/internal/cli/edges.go:51.5,52.19 2 1
github.com/robertguss/recon/internal/cli/edges.go:52.19,53.17 1 0
github.com/robertguss/recon/internal/cli/edges.go:53.17,56.7 2 0
github.com/robertguss/recon/internal/cli/edges.go:57.6,57.16 1 0
github.com/robertguss/recon/internal/cli/edges.go:59.5,60.24 2 1
github.com/robertguss/recon/internal/cli/edges.go:60.24,62.17 2 0
github.com/robertguss/recon/internal/cli/edges.go:62.17,65.7 2 0
github.com/robertguss/recon/internal/cli/edges.go:66.6,66.45 1 0
github.com/robertguss/recon/internal/cli/edges.go:68.5,77.19 2 1
github.com/robertguss/recon/internal/cli/edges.go:77.19,78.17 1 0
github.com/robertguss/recon/internal/cli/edges.go:78.17,81.7 2 0
github.com/robertguss/recon/internal/cli/edges.go:82.6,82.16 1 0
github.com/robertguss/recon/internal/cli/edges.go:84.5,84.16 1 1
github.com/robertguss/recon/internal/cli/edges.go:84.16,86.6 1 1
github.com/robertguss/recon/internal/cli/edges.go:87.5,89.15 2 0
github.com/robertguss/recon/internal/cli/edges.go:93.4,93.20 1 1
github.com/robertguss/recon/internal/cli/edges.go:93.20,95.19 2 1
github.com/robertguss/recon/internal/cli/edges.go:95.19,96.17 1 1
github.com/robertguss/recon/internal/cli/edges.go:96.17,98.43 2 1
github.com/robertguss/recon/internal/cli/edges.go:98.43,100.8 1 1
github.com/robertguss/recon/internal/cli/edges.go:101.7,102.32 2 1
github.com/robertguss/recon/internal/cli/edges.go:104.6,104.16 1 1
github.com/robertguss/recon/internal/cli/edges.go:106.5,106.16 1 1
github.com/robertguss/recon/internal/cli/edges.go:106.16,108.6 1 1
github.com/robertguss/recon/internal/cli/edges.go:109.5,110.15 2 1
github.com/robertguss/recon/internal/cli/edges.go:114.4,114.21 1 1
github.com/robertguss/recon/internal/cli/edges.go:114.21,116.19 2 1
github.com/robertguss/recon/internal/cli/edges.go:116.19,117.17 1 1
github.com/robertguss/recon/internal/cli/edges.go:117.17,120.7 2 1
github.com/robertguss/recon/internal/cli/edges.go:121.6,121.16 1 1
github.com/robertguss/recon/internal/cli/edges.go:123.5,124.19 2 1
github.com/robertguss/recon/internal/cli/edges.go:124.19,125.17 1 0
github.com/robertguss/recon/internal/cli/edges.go:125.17,128.7 2 0
github.com/robertguss/recon/internal/cli/edges.go:129.6,129.16 1 0
github.com/robertguss/recon/internal/cli/edges.go:131.5,131.39 1 1
github.com/robertguss/recon/internal/cli/edges.go:135.4,135.19 1 1
github.com/robertguss/recon/internal/cli/edges.go:135.19,137.24 2 1
github.com/robertguss/recon/internal/cli/edges.go:137.24,139.17 2 1
github.com/robertguss/recon/internal/cli/edges.go:139.17,142.7 2 1
github.com/robertguss/recon/internal/cli/edges.go:143.6,143.45 1 1
github.com/robertguss/recon/internal/cli/edges.go:145.5,146.19 2 1
github.com/robertguss/recon/internal/cli/edges.go:146.19,147.17 1 0
github.com/robertguss/recon/internal/cli/edges.go:147.17,150.7 2 0
github.com/robertguss/recon/internal/cli/edges.go:151.6,151.16 1 0
github.com/robertguss/recon/internal/cli/edges.go:153.5,153.39 1 1
github.com/robertguss/recon/internal/cli/edges.go:157.4,157.15 1 1
github.com/robertguss/recon/internal/cli/edges.go:157.15,159.19 2 1
github.com/robertguss/recon/internal/cli/edges.go:159.19,160.17 1 0
github.com/robertguss/recon/internal/cli/edges.go:160.17,163.7 2 0
github.com/robertguss/recon/internal/cli/edges.go:164.6,164.16 1 0
github.com/robertguss/recon/internal/cli/edges.go:166.5,166.39 1 1
github.com/robertguss/recon/internal/cli/edges.go:169.4,170.15 2 1
github.com/robertguss/recon/internal/cli/edges.go:170.15,173.5 2 1
github.com/robertguss/recon/internal/cli/edges.go:174.4,174.43 1 1
github.com/robertguss/recon/internal/cli/edges.go:178.2,188.12 10 1
github.com/robertguss/recon/internal/cli/edges.go:191.56,193.21 2 1
github.com/robertguss/recon/internal/cli/edges.go:193.21,195.3 1 1
github.com/robertguss/recon/internal/cli/edges.go:196.2,197.16 2 1
github.com/robertguss/recon/internal/cli/edges.go:197.16,199.3 1 1
github.com/robertguss/recon/internal/cli/edges.go:200.2,200.26 1 1
github.com/robertguss/recon/internal/cli/edges.go:203.57,204.13 1 1
github.com/robertguss/recon/internal/cli/edges.go:204.13,206.3 1 1
github.com/robertguss/recon/internal/cli/edges.go:207.2,207.21 1 1
github.com/robertguss/recon/internal/cli/edges.go:207.21,210.3 2 1
github.com/robertguss/recon/internal/cli/edges.go:211.2,211.26 1 1
github.com/robertguss/recon/internal/cli/edges.go:211.26,214.3 1 1
github.com/robertguss/recon/internal/cli/edges.go:215.2,215.12 1 1
github.com/robertguss/recon/internal/cli/exit_error.go:8.35,10.2 1 1
github.com/robertguss/recon/internal/cli/find.go:16.46,32.55 2 1
github.com/robertguss/recon/internal/cli/find.go:32.55,33.20 1 1
github.com/robertguss/recon/internal/cli/find.go:33.20,35.23 2 0
github.com/robertguss/recon/internal/cli/find.go:35.23,36.17 1 0
github.com/robertguss/recon/internal/cli/find.go:36.17,38.7 1 0
github.com/robertguss/recon/internal/cli/find.go:39.6,39.20 1 0
github.com/robertguss/recon/internal/cli/find.go:41.5,44.19 3 0
github.com/robertguss/recon/internal/cli/find.go:44.19,45.17 1 0
github.com/robertguss/recon/internal/cli/find.go:45.17,48.7 2 0
github.com/robertguss/recon/internal/cli/find.go:49.6,49.16 1 0
github.com/robertguss/recon/internal/cli/find.go:52.5,54.16 2 0
github.com/robertguss/recon/internal/cli/find.go:54.16,56.6 1 0
github.com/robertguss/recon/internal/cli/find.go:58.5,59.28 2 0
github.com/robertguss/recon/internal/cli/find.go:59.28,61.6 1 0
github.com/robertguss/recon/internal/cli/find.go:62.5,62.15 1 0
github.com/robertguss/recon/internal/cli/find.go:65.4,66.18 2 1
github.com/robertguss/recon/internal/cli/find.go:66.18,67.16 1 1
github.com/robertguss/recon/internal/cli/find.go:67.16,71.6 3 1
github.com/robertguss/recon/internal/cli/find.go:72.5,72.52 1 1
github.com/robertguss/recon/internal/cli/find.go:75.4,82.22 2 1
github.com/robertguss/recon/internal/cli/find.go:82.22,84.20 2 1
github.com/robertguss/recon/internal/cli/find.go:84.20,86.17 2 1
github.com/robertguss/recon/internal/cli/find.go:86.17,89.7 2 1
github.com/robertguss/recon/internal/cli/find.go:90.6,90.45 1 1
github.com/robertguss/recon/internal/cli/find.go:92.5,92.67 1 1
github.com/robertguss/recon/internal/cli/find.go:95.4,96.24 2 1
github.com/robertguss/recon/internal/cli/find.go:96.24,98.16 2 1
github.com/robertguss/recon/internal/cli/find.go:98.16,102.6 3 1
github.com/robertguss/recon/internal/cli/find.go:103.5,103.44 1 1
github.com/robertguss/recon/internal/cli/find.go:106.4,107.22 2 1
github.com/robertguss/recon/internal/cli/find.go:107.22,108.16 1 1
github.com/robertguss/recon/internal/cli/find.go:108.16,110.6 1 1
github.com/robertguss/recon/internal/cli/find.go:111.5,111.19 1 1
github.com/robertguss/recon/internal/cli/find.go:113.4,117.18 4 1
github.com/robertguss/recon/internal/cli/find.go:117.18,118.28 1 1
github.com/robertguss/recon/internal/cli/find.go:119.29,120.17 1 1
github.com/robertguss/recon/internal/cli/find.go:120.17,125.34 2 1
github.com/robertguss/recon/internal/cli/find.go:125.34,127.8 1 1
github.com/robertguss/recon/internal/cli/find.go:128.7,129.58 2 1
github.com/robertguss/recon/internal/cli/find.go:130.12,131.21 1 1
github.com/robertguss/recon/internal/cli/find.go:131.21,133.8 1 1
github.com/robertguss/recon/internal/cli/find.go:133.13,135.8 1 1
github.com/robertguss/recon/internal/cli/find.go:136.7,137.33 2 1
github.com/robertguss/recon/internal/cli/find.go:137.33,139.49 2 1
github.com/robertguss/recon/internal/cli/find.go:139.49,141.9 1 1
github.com/robertguss/recon/internal/cli/find.go:142.13,144.8 1 1
github.com/robertguss/recon/internal/cli/find.go:146.6,146.31 1 1
github.com/robertguss/recon/internal/cli/find.go:147.30,148.17 1 1
github.com/robertguss/recon/internal/cli/find.go:148.17,155.7 3 1
github.com/robertguss/recon/internal/cli/find.go:155.12,158.46 3 1
github.com/robertguss/recon/internal/cli/find.go:158.46,160.36 2 1
github.com/robertguss/recon/internal/cli/find.go:160.36,162.9 1 1
github.com/robertguss/recon/internal/cli/find.go:163.8,163.106 1 1
github.com/robertguss/recon/internal/cli/find.go:166.6,166.31 1 1
github.com/robertguss/recon/internal/cli/find.go:167.13,168.17 1 1
github.com/robertguss/recon/internal/cli/find.go:168.17,171.7 2 1
github.com/robertguss/recon/internal/cli/find.go:172.6,172.16 1 1
github.com/robertguss/recon/internal/cli/find.go:176.4,176.15 1 1
github.com/robertguss/recon/internal/cli/find.go:176.15,179.5 2 1
github.com/robertguss/recon/internal/cli/find.go:181.4,183.36 3 1
github.com/robertguss/recon/internal/cli/find.go:183.36,185.5 1 1
github.com/robertguss/recon/internal/cli/find.go:186.4,186.15 1 1
github.com/robertguss/recon/internal/cli/find.go:186.15,189.5 2 1
github.com/robertguss/recon/internal/cli/find.go:190.4,191.37 2 1
github.com/robertguss/recon/internal/cli/find.go:191.37,193.5 1 1
github.com/robertguss/recon/internal/cli/find.go:193.10,194.45 1 1
github.com/robertguss/recon/internal/cli/find.go:194.45,196.6 1 1
github.com/robertguss/recon/internal/cli/find.go:198.4,198.14 1 1
github.com/robertguss/recon/internal/cli/find.go:202.2,210.12 9 1
github.com/robertguss/recon/internal/cli/find.go:213.107,215.16 2 1
github.com/robertguss/recon/internal/cli/find.go:215.16,216.14 1 1
github.com/robertguss/recon/internal/cli/find.go:216.14,218.4 1 1
github.com/robertguss/recon/internal/cli/find.go:219.3,219.13 1 1
github.com/robertguss/recon/internal/cli/find.go:221.2,224.16 3 1
github.com/robertguss/recon/internal/cli/find.go:224.16,225.14 1 1
github.com/robertguss/recon/internal/cli/find.go:225.14,228.4 2 1
github.com/robertguss/recon/internal/cli/find.go:229.3,229.13 1 1
github.com/robertguss/recon/internal/cli/find.go:232.2,232.13 1 1
github.com/robertguss/recon/internal/cli/find.go:232.13,234.3 1 1
github.com/robertguss/recon/internal/cli/find.go:236.2,237.35 2 1
github.com/robertguss/recon/internal/cli/find.go:237.35,239.23 2 1
github.com/robertguss/recon/internal/cli/find.go:239.23,241.4 1 1
github.com/robertguss/recon/internal/cli/find.go:242.3,242.106 1 1
github.com/robertguss/recon/internal/cli/find.go:244.2,244.12 1 1
github.com/robertguss/recon/internal/cli/find.go:247.44,249.19 2 1
github.com/robertguss/recon/internal/cli/find.go:249.19,251.3 1 1
github.com/robertguss/recon/internal/cli/find.go:252.2,252.50 1 1
github.com/robertguss/recon/internal/cli/find.go:255.53,257.22 2 1
github.com/robertguss/recon/internal/cli/find.go:257.22,259.3 1 1
github.com/robertguss/recon/internal/cli/find.go:260.2,260.20 1 1
github.com/robertguss/recon/internal/cli/find.go:261.48,262.25 1 1
github.com/robertguss/recon/internal/cli/find.go:263.10,264.81 1 1
github.com/robertguss/recon/internal/cli/find.go:268.75,269.28 1 1
github.com/robertguss/recon/internal/cli/find.go:269.28,271.3 1 1
github.com/robertguss/recon/internal/cli/find.go:272.2,272.25 1 1
github.com/robertguss/recon/internal/cli/find.go:272.25,274.3 1 1
github.com/robertguss/recon/internal/cli/find.go:275.2,275.21 1 1
github.com/robertguss/recon/internal/cli/find.go:275.21,277.3 1 1
github.com/robertguss/recon/internal/cli/find.go:280.47,281.28 1 1
github.com/robertguss/recon/internal/cli/find.go:281.28,283.3 1 1
github.com/robertguss/recon/internal/cli/find.go:284.2,284.25 1 1
github.com/robertguss/recon/internal/cli/find.go:284.25,286.3 1 1
github.com/robertguss/recon/internal/cli/find.go:287.2,287.21 1 1
github.com/robertguss/recon/internal/cli/find.go:287.21,289.3 1 1
github.com/robertguss/recon/internal/cli/find.go:292.53,293.19 1 1
github.com/robertguss/recon/internal/cli/find.go:293.19,295.3 1 1
github.com/robertguss/recon/internal/cli/find.go:296.2,297.28 2 1
github.com/robertguss/recon/internal/cli/find.go:297.28,299.3 1 1
github.com/robertguss/recon/internal/cli/find.go:300.2,300.72 1 1
github.com/robertguss/recon/internal/cli/find.go:303.98,308.23 3 1
github.com/robertguss/recon/internal/cli/find.go:308.23,310.30 2 1
github.com/robertguss/recon/internal/cli/find.go:310.30,312.4 1 1
github.com/robertguss/recon/internal/cli/find.go:316.2,318.29 3 1
github.com/robertguss/recon/internal/cli/find.go:318.29,320.3 1 0
github.com/robertguss/recon/internal/cli/find.go:322.2,322.14 1 1
github.com/robertguss/recon/internal/cli/find.go:325.92,328.16 3 0
github.com/robertguss/recon/internal/cli/find.go:328.16,330.3 1 0
github.com/robertguss/recon/internal/cli/find.go:332.2,333.56 2 0
github.com/robertguss/recon/internal/cli/find.go:333.56,335.17 2 0
github.com/robertguss/recon/internal/cli/find.go:335.17,336.12 1 0
github.com/robertguss/recon/internal/cli/find.go:338.3,339.17 2 0
github.com/robertguss/recon/internal/cli/find.go:339.17,341.4 1 0
github.com/robertguss/recon/internal/cli/find.go:341.9,342.27 1 0
github.com/robertguss/recon/internal/cli/find.go:342.27,343.107 1 0
github.com/robertguss/recon/internal/cli/find.go:343.107,345.11 2 0
github.com/robertguss/recon/internal/cli/find.go:351.2,351.22 1 0
github.com/robertguss/recon/internal/cli/find.go:351.22,354.10 3 0
github.com/robertguss/recon/internal/cli/find.go:355.15,356.24 1 0
github.com/robertguss/recon/internal/cli/find.go:357.15,358.25 1 0
github.com/robertguss/recon/internal/cli/find.go:359.11,360.25 1 0
github.com/robertguss/recon/internal/cli/find.go:365.72,373.20 2 1
github.com/robertguss/recon/internal/cli/find.go:374.18,375.92 1 1
github.com/robertguss/recon/internal/cli/find.go:376.17,377.91 1 0
github.com/robertguss/recon/internal/cli/find.go:379.2,379.13 1 1
github.com/robertguss/recon/internal/cli/init.go:22.46,31.55 2 1
github.com/robertguss/recon/internal/cli/init.go:31.55,33.48 2 1
github.com/robertguss/recon/internal/cli/init.go:33.48,34.39 1 1
github.com/robertguss/recon/internal/cli/init.go:34.39,36.6 1 1
github.com/robertguss/recon/internal/cli/init.go:37.5,37.46 1 1
github.com/robertguss/recon/internal/cli/init.go:41.4,42.47 2 1
github.com/robertguss/recon/internal/cli/init.go:42.47,43.15 1 1
github.com/robertguss/recon/internal/cli/init.go:43.15,44.22 1 1
github.com/robertguss/recon/internal/cli/init.go:44.22,46.7 1 1
github.com/robertguss/recon/internal/cli/init.go:47.6,48.20 2 1
github.com/robertguss/recon/internal/cli/init.go:48.20,50.7 1 1
github.com/robertguss/recon/internal/cli/init.go:51.6,51.14 1 1
github.com/robertguss/recon/internal/cli/init.go:51.14,54.7 2 1
github.com/robertguss/recon/internal/cli/init.go:58.4,58.63 1 1
github.com/robertguss/recon/internal/cli/init.go:58.63,60.5 1 0
github.com/robertguss/recon/internal/cli/init.go:62.4,64.18 3 1
github.com/robertguss/recon/internal/cli/init.go:64.18,66.5 1 0
github.com/robertguss/recon/internal/cli/init.go:67.4,69.46 2 1
github.com/robertguss/recon/internal/cli/init.go:69.46,71.5 1 1
github.com/robertguss/recon/internal/cli/init.go:72.4,72.61 1 1
github.com/robertguss/recon/internal/cli/init.go:72.61,74.5 1 1
github.com/robertguss/recon/internal/cli/init.go:77.4,77.54 1 1
github.com/robertguss/recon/internal/cli/init.go:77.54,79.5 1 1
github.com/robertguss/recon/internal/cli/init.go:80.4,80.55 1 1
github.com/robertguss/recon/internal/cli/init.go:80.55,82.5 1 1
github.com/robertguss/recon/internal/cli/init.go:83.4,83.58 1 1
github.com/robertguss/recon/internal/cli/init.go:83.58,85.5 1 1
github.com/robertguss/recon/internal/cli/init.go:86.4,86.63 1 1
github.com/robertguss/recon/internal/cli/init.go:86.63,88.5 1 1
github.com/robertguss/recon/internal/cli/init.go:90.4,90.15 1 1
github.com/robertguss/recon/internal/cli/init.go:90.15,97.5 1 1
github.com/robertguss/recon/internal/cli/init.go:99.4,100.14 2 1
github.com/robertguss/recon/internal/cli/init.go:104.2,106.12 3 1
github.com/robertguss/recon/internal/cli/json_errors.go:5.44,9.2 3 1
github.com/robertguss/recon/internal/cli/json_errors.go:11.56,13.37 2 1
github.com/robertguss/recon/internal/cli/json_errors.go:13.37,15.3 1 1
github.com/robertguss/recon/internal/cli/json_errors.go:16.2,16.30 1 1
github.com/robertguss/recon/internal/cli/orient.go:17.101,19.3 1 1
github.com/robertguss/recon/internal/cli/orient.go:20.83,23.3 2 1
github.com/robertguss/recon/internal/cli/orient.go:26.48,37.55 2 1
github.com/robertguss/recon/internal/cli/orient.go:37.55,38.18 1 1
github.com/robertguss/recon/internal/cli/orient.go:38.18,40.5 1 1
github.com/robertguss/recon/internal/cli/orient.go:42.4,43.18 2 1
github.com/robertguss/recon/internal/cli/orient.go:43.18,44.16 1 1
github.com/robertguss/recon/internal/cli/orient.go:44.16,46.6 1 1
github.com/robertguss/recon/internal/cli/orient.go:47.5,47.15 1 1
github.com/robertguss/recon/internal/cli/orient.go:49.4,52.15 3 1
github.com/robertguss/recon/internal/cli/orient.go:52.15,53.78 1 1
github.com/robertguss/recon/internal/cli/orient.go:53.78,54.17 1 1
github.com/robertguss/recon/internal/cli/orient.go:54.17,56.7 1 1
github.com/robertguss/recon/internal/cli/orient.go:57.6,57.16 1 1
github.com/robertguss/recon/internal/cli/orient.go:59.5,59.23 1 1
github.com/robertguss/recon/internal/cli/orient.go:62.4,63.18 2 1
github.com/robertguss/recon/internal/cli/orient.go:63.18,64.16 1 1
github.com/robertguss/recon/internal/cli/orient.go:64.16,66.6 1 1
github.com/robertguss/recon/internal/cli/orient.go:67.5,67.15 1 1
github.com/robertguss/recon/internal/cli/orient.go:70.4,70.33 1 1
github.com/robertguss/recon/internal/cli/orient.go:70.33,71.33 1 1
github.com/robertguss/recon/internal/cli/orient.go:71.33,72.79 1 1
github.com/robertguss/recon/internal/cli/orient.go:72.79,73.18 1 1
github.com/robertguss/recon/internal/cli/orient.go:73.18,75.8 1 1
github.com/robertguss/recon/internal/cli/orient.go:76.7,76.17 1 1
github.com/robertguss/recon/internal/cli/orient.go:78.6,79.20 2 1
github.com/robertguss/recon/internal/cli/orient.go:79.20,80.18 1 1
github.com/robertguss/recon/internal/cli/orient.go:80.18,82.8 1 1
github.com/robertguss/recon/internal/cli/orient.go:83.7,83.17 1 1
github.com/robertguss/recon/internal/cli/orient.go:85.11,85.60 1 1
github.com/robertguss/recon/internal/cli/orient.go:85.60,87.20 2 1
github.com/robertguss/recon/internal/cli/orient.go:87.20,89.7 1 1
github.com/robertguss/recon/internal/cli/orient.go:90.6,90.17 1 1
github.com/robertguss/recon/internal/cli/orient.go:90.17,91.80 1 1
github.com/robertguss/recon/internal/cli/orient.go:91.80,93.8 1 1
github.com/robertguss/recon/internal/cli/orient.go:94.7,95.21 2 1
github.com/robertguss/recon/internal/cli/orient.go:95.21,97.8 1 1
github.com/robertguss/recon/internal/cli/orient.go:99.11,99.27 1 1
github.com/robertguss/recon/internal/cli/orient.go:99.27,101.6 1 1
github.com/robertguss/recon/internal/cli/orient.go:104.4,104.15 1 1
github.com/robertguss/recon/internal/cli/orient.go:104.15,106.5 1 1
github.com/robertguss/recon/internal/cli/orient.go:108.4,109.14 2 1
github.com/robertguss/recon/internal/cli/orient.go:113.2,117.12 5 1
github.com/robertguss/recon/internal/cli/output.go:13.29,17.2 3 1
github.com/robertguss/recon/internal/cli/output.go:29.69,37.2 1 1
github.com/robertguss/recon/internal/cli/output.go:39.30,41.2 1 1
github.com/robertguss/recon/internal/cli/output.go:43.66,47.16 4 1
github.com/robertguss/recon/internal/cli/output.go:47.16,49.3 1 1
github.com/robertguss/recon/internal/cli/output.go:50.2,51.18 2 1
github.com/robertguss/recon/internal/cli/output.go:51.18,53.3 1 1
github.com/robertguss/recon/internal/cli/output.go:54.2,54.16 1 1
github.com/robertguss/recon/internal/cli/output.go:55.18,56.19 1 1
github.com/robertguss/recon/internal/cli/output.go:57.17,58.20 1 1
github.com/robertguss/recon/internal/cli/output.go:59.10,60.25 1 1
github.com/robertguss/recon/internal/cli/pattern.go:12.49,34.55 2 1
github.com/robertguss/recon/internal/cli/pattern.go:34.55,36.16 1 1
github.com/robertguss/recon/internal/cli/pattern.go:36.16,38.19 2 1
github.com/robertguss/recon/internal/cli/pattern.go:38.19,39.17 1 1
github.com/robertguss/recon/internal/cli/pattern.go:39.17,41.7 1 1
github.com/robertguss/recon/internal/cli/pattern.go:42.6,42.16 1 1
github.com/robertguss/recon/internal/cli/pattern.go:44.5,47.19 3 1
github.com/robertguss/recon/internal/cli/pattern.go:47.19,48.17 1 1
github.com/robertguss/recon/internal/cli/pattern.go:48.17,51.7 2 1
github.com/robertguss/recon/internal/cli/pattern.go:52.6,52.16 1 1
github.com/robertguss/recon/internal/cli/pattern.go:55.5,55.16 1 1
github.com/robertguss/recon/internal/cli/pattern.go:55.16,57.6 1 1
github.com/robertguss/recon/internal/cli/pattern.go:58.5,58.24 1 1
github.com/robertguss/recon/internal/cli/pattern.go:58.24,61.6 2 1
github.com/robertguss/recon/internal/cli/pattern.go:62.5,62.32 1 1
github.com/robertguss/recon/internal/cli/pattern.go:62.32,64.6 1 1
github.com/robertguss/recon/internal/cli/pattern.go:65.5,65.15 1 1
github.com/robertguss/recon/internal/cli/pattern.go:69.4,69.20 1 1
github.com/robertguss/recon/internal/cli/pattern.go:69.20,71.19 2 1
github.com/robertguss/recon/internal/cli/pattern.go:71.19,72.17 1 1
github.com/robertguss/recon/internal/cli/pattern.go:72.17,74.7 1 1
github.com/robertguss/recon/internal/cli/pattern.go:75.6,75.16 1 1
github.com/robertguss/recon/internal/cli/pattern.go:77.5,80.19 3 1
github.com/robertguss/recon/internal/cli/pattern.go:80.19,81.17 1 1
github.com/robertguss/recon/internal/cli/pattern.go:81.17,83.46 2 1
github.com/robertguss/recon/internal/cli/pattern.go:83.46,85.8 1 1
github.com/robertguss/recon/internal/cli/pattern.go:86.7,87.32 2 1
github.com/robertguss/recon/internal/cli/pattern.go:89.6,89.16 1 1
github.com/robertguss/recon/internal/cli/pattern.go:91.5,91.16 1 1
github.com/robertguss/recon/internal/cli/pattern.go:91.16,93.6 1 1
github.com/robertguss/recon/internal/cli/pattern.go:94.5,95.15 2 1
github.com/robertguss/recon/internal/cli/pattern.go:99.4,99.22 1 1
github.com/robertguss/recon/internal/cli/pattern.go:99.22,101.16 2 0
github.com/robertguss/recon/internal/cli/pattern.go:101.16,104.6 2 0
github.com/robertguss/recon/internal/cli/pattern.go:105.5,105.44 1 0
github.com/robertguss/recon/internal/cli/pattern.go:107.4,110.18 3 1
github.com/robertguss/recon/internal/cli/pattern.go:110.18,111.16 1 1
github.com/robertguss/recon/internal/cli/pattern.go:111.16,115.6 3 1
github.com/robertguss/recon/internal/cli/pattern.go:116.5,116.15 1 1
github.com/robertguss/recon/internal/cli/pattern.go:119.4,120.18 2 1
github.com/robertguss/recon/internal/cli/pattern.go:120.18,121.16 1 1
github.com/robertguss/recon/internal/cli/pattern.go:121.16,123.6 1 1
github.com/robertguss/recon/internal/cli/pattern.go:124.5,124.15 1 1
github.com/robertguss/recon/internal/cli/pattern.go:126.4,138.18 3 1
github.com/robertguss/recon/internal/cli/pattern.go:138.18,139.16 1 1
github.com/robertguss/recon/internal/cli/pattern.go:139.16,142.6 2 1
github.com/robertguss/recon/internal/cli/pattern.go:143.5,143.15 1 1
github.com/robertguss/recon/internal/cli/pattern.go:147.4,147.23 1 1
github.com/robertguss/recon/internal/cli/pattern.go:147.23,150.37 2 1
github.com/robertguss/recon/internal/cli/pattern.go:150.37,161.32 3 1
github.com/robertguss/recon/internal/cli/pattern.go:161.32,163.7 1 0
github.com/robertguss/recon/internal/cli/pattern.go:166.5,168.32 3 1
github.com/robertguss/recon/internal/cli/pattern.go:168.32,174.6 1 0
github.com/robertguss/recon/internal/cli/pattern.go:177.4,177.15 1 1
github.com/robertguss/recon/internal/cli/pattern.go:177.15,178.35 1 1
github.com/robertguss/recon/internal/cli/pattern.go:178.35,185.6 3 1
github.com/robertguss/recon/internal/cli/pattern.go:186.5,186.29 1 1
github.com/robertguss/recon/internal/cli/pattern.go:189.4,189.23 1 1
github.com/robertguss/recon/internal/cli/pattern.go:189.23,191.5 1 1
github.com/robertguss/recon/internal/cli/pattern.go:191.10,193.5 1 1
github.com/robertguss/recon/internal/cli/pattern.go:194.4,195.34 2 1
github.com/robertguss/recon/internal/cli/pattern.go:195.34,197.5 1 1
github.com/robertguss/recon/internal/cli/pattern.go:198.4,198.14 1 1
github.com/robertguss/recon/internal/cli/pattern.go:202.2,217.12 15 1
github.com/robertguss/recon/internal/cli/recall.go:10.48,20.55 2 1
github.com/robertguss/recon/internal/cli/recall.go:20.55,21.22 1 1
github.com/robertguss/recon/internal/cli/recall.go:21.22,23.16 2 1
github.com/robertguss/recon/internal/cli/recall.go:23.16,26.6 2 1
github.com/robertguss/recon/internal/cli/recall.go:27.5,27.44 1 1
github.com/robertguss/recon/internal/cli/recall.go:29.4,32.18 3 1
github.com/robertguss/recon/internal/cli/recall.go:32.18,33.16 1 1
github.com/robertguss/recon/internal/cli/recall.go:33.16,35.6 1 1
github.com/robertguss/recon/internal/cli/recall.go:36.5,36.15 1 1
github.com/robertguss/recon/internal/cli/recall.go:38.4,41.18 3 1
github.com/robertguss/recon/internal/cli/recall.go:41.18,42.16 1 1
github.com/robertguss/recon/internal/cli/recall.go:42.16,44.6 1 1
github.com/robertguss/recon/internal/cli/recall.go:45.5,45.15 1 1
github.com/robertguss/recon/internal/cli/recall.go:48.4,48.15 1 1
github.com/robertguss/recon/internal/cli/recall.go:48.15,50.5 1 1
github.com/robertguss/recon/internal/cli/recall.go:52.4,52.30 1 1
github.com/robertguss/recon/internal/cli/recall.go:52.30,55.5 2 1
github.com/robertguss/recon/internal/cli/recall.go:56.4,56.38 1 1
github.com/robertguss/recon/internal/cli/recall.go:56.38,59.37 3 1
github.com/robertguss/recon/internal/cli/recall.go:59.37,62.6 2 1
github.com/robertguss/recon/internal/cli/recall.go:63.5,65.44 3 1
github.com/robertguss/recon/internal/cli/recall.go:65.44,67.6 1 0
github.com/robertguss/recon/internal/cli/recall.go:69.4,69.14 1 1
github.com/robertguss/recon/internal/cli/recall.go:73.2,75.12 3 1
github.com/robertguss/recon/internal/cli/root.go:23.66,25.16 2 1
github.com/robertguss/recon/internal/cli/root.go:25.16,27.3 1 1
github.com/robertguss/recon/internal/cli/root.go:29.2,30.16 2 1
github.com/robertguss/recon/internal/cli/root.go:30.16,32.3 1 1
github.com/robertguss/recon/internal/cli/root.go:34.2,55.18 14 1
github.com/robertguss/recon/internal/cli/status.go:25.48,31.55 2 1
github.com/robertguss/recon/internal/cli/status.go:31.55,33.18 2 1
github.com/robertguss/recon/internal/cli/status.go:33.18,34.16 1 1
github.com/robertguss/recon/internal/cli/status.go:34.16,36.6 1 1
github.com/robertguss/recon/internal/cli/status.go:37.5,37.15 1 1
github.com/robertguss/recon/internal/cli/status.go:39.4,45.18 5 1
github.com/robertguss/recon/internal/cli/status.go:45.18,46.16 1 1
github.com/robertguss/recon/internal/cli/status.go:46.16,48.6 1 1
github.com/robertguss/recon/internal/cli/status.go:49.5,49.15 1 1
github.com/robertguss/recon/internal/cli/status.go:51.4,51.14 1 1
github.com/robertguss/recon/internal/cli/status.go:51.14,53.5 1 1
github.com/robertguss/recon/internal/cli/status.go:55.4,63.15 8 1
github.com/robertguss/recon/internal/cli/status.go:63.15,65.5 1 1
github.com/robertguss/recon/internal/cli/status.go:67.4,68.32 2 1
github.com/robertguss/recon/internal/cli/status.go:68.32,70.5 1 1
github.com/robertguss/recon/internal/cli/status.go:70.10,72.5 1 1
github.com/robertguss/recon/internal/cli/status.go:73.4,77.14 3 1
github.com/robertguss/recon/internal/cli/status.go:81.2,82.12 2 1
github.com/robertguss/recon/internal/cli/store.go:16.47,18.2 1 1
github.com/robertguss/recon/internal/cli/store.go:20.48,22.41 2 1
github.com/robertguss/recon/internal/cli/store.go:22.41,23.37 1 1
github.com/robertguss/recon/internal/cli/store.go:23.37,25.4 1 1
github.com/robertguss/recon/internal/cli/store.go:26.3,26.50 1 1
github.com/robertguss/recon/internal/cli/store.go:29.2,30.16 2 1
github.com/robertguss/recon/internal/cli/store.go:30.16,32.3 1 1
github.com/robertguss/recon/internal/cli/store.go:33.2,33.18 1 1
github.com/robertguss/recon/internal/cli/sync.go:12.100,14.2 1 1
github.com/robertguss/recon/internal/cli/sync.go:16.46,22.55 2 1
github.com/robertguss/recon/internal/cli/sync.go:22.55,24.18 2 1
github.com/robertguss/recon/internal/cli/sync.go:24.18,25.16 1 1
github.com/robertguss/recon/internal/cli/sync.go:25.16,27.6 1 1
github.com/robertguss/recon/internal/cli/sync.go:28.5,28.15 1 1
github.com/robertguss/recon/internal/cli/sync.go:30.4,33.18 3 1
github.com/robertguss/recon/internal/cli/sync.go:33.18,34.16 1 1
github.com/robertguss/recon/internal/cli/sync.go:34.16,36.6 1 1
github.com/robertguss/recon/internal/cli/sync.go:37.5,37.15 1 1
github.com/robertguss/recon/internal/cli/sync.go:40.4,40.15 1 1
github.com/robertguss/recon/internal/cli/sync.go:40.15,42.5 1 1
github.com/robertguss/recon/internal/cli/sync.go:44.4,45.26 2 1
github.com/robertguss/recon/internal/cli/sync.go:45.26,51.5 2 1
github.com/robertguss/recon/internal/cli/sync.go:52.4,53.27 2 1
github.com/robertguss/recon/internal/cli/sync.go:53.27,55.5 1 1
github.com/robertguss/recon/internal/cli/sync.go:56.4,57.14 2 1
github.com/robertguss/recon/internal/cli/sync.go:61.2,62.12 2 1
github.com/robertguss/recon/internal/cli/version.go:15.41,21.55 2 1
github.com/robertguss/recon/internal/cli/version.go:21.55,22.15 1 1
github.com/robertguss/recon/internal/cli/version.go:22.15,28.5 1 1
github.com/robertguss/recon/internal/cli/version.go:29.4,30.14 2 1
github.com/robertguss/recon/internal/cli/version.go:33.2,34.12 2 1
