mode: set
github.com/robertguss/recon/internal/recall/service.go:32.40,34.2 1 1
github.com/robertguss/recon/internal/recall/service.go:36.97,37.21 1 1
github.com/robertguss/recon/internal/recall/service.go:37.21,39.3 1 1
github.com/robertguss/recon/internal/recall/service.go:41.2,42.16 2 1
github.com/robertguss/recon/internal/recall/service.go:42.16,44.17 2 1
github.com/robertguss/recon/internal/recall/service.go:44.17,46.4 1 1
github.com/robertguss/recon/internal/recall/service.go:49.2,49.48 1 1
github.com/robertguss/recon/internal/recall/service.go:52.91,63.16 2 1
github.com/robertguss/recon/internal/recall/service.go:63.16,65.3 1 1
github.com/robertguss/recon/internal/recall/service.go:66.2,68.24 2 1
github.com/robertguss/recon/internal/recall/service.go:71.92,82.16 3 1
github.com/robertguss/recon/internal/recall/service.go:82.16,84.3 1 1
github.com/robertguss/recon/internal/recall/service.go:85.2,87.24 2 1
github.com/robertguss/recon/internal/recall/service.go:90.48,92.18 2 1
github.com/robertguss/recon/internal/recall/service.go:92.18,102.17 2 1
github.com/robertguss/recon/internal/recall/service.go:102.17,104.4 1 1
github.com/robertguss/recon/internal/recall/service.go:105.3,105.30 1 1
github.com/robertguss/recon/internal/recall/service.go:107.2,107.35 1 1
github.com/robertguss/recon/internal/recall/service.go:107.35,109.3 1 1
github.com/robertguss/recon/internal/recall/service.go:110.2,110.19 1 1
github.com/robertguss/recon/internal/find/service.go:39.39,40.29 1 1
github.com/robertguss/recon/internal/find/service.go:40.29,42.3 1 1
github.com/robertguss/recon/internal/find/service.go:43.2,43.86 1 1
github.com/robertguss/recon/internal/find/service.go:51.40,53.2 1 1
github.com/robertguss/recon/internal/find/service.go:59.40,61.2 1 1
github.com/robertguss/recon/internal/find/service.go:63.81,73.16 2 1
github.com/robertguss/recon/internal/find/service.go:73.16,75.3 1 1
github.com/robertguss/recon/internal/find/service.go:76.2,79.18 3 1
github.com/robertguss/recon/internal/find/service.go:79.18,92.17 2 1
github.com/robertguss/recon/internal/find/service.go:92.17,94.4 1 1
github.com/robertguss/recon/internal/find/service.go:95.3,95.34 1 1
github.com/robertguss/recon/internal/find/service.go:97.2,97.35 1 1
github.com/robertguss/recon/internal/find/service.go:97.35,99.3 1 1
github.com/robertguss/recon/internal/find/service.go:101.2,101.23 1 1
github.com/robertguss/recon/internal/find/service.go:101.23,103.17 2 1
github.com/robertguss/recon/internal/find/service.go:103.17,105.4 1 1
github.com/robertguss/recon/internal/find/service.go:106.3,106.75 1 1
github.com/robertguss/recon/internal/find/service.go:109.2,109.22 1 1
github.com/robertguss/recon/internal/find/service.go:109.22,111.29 2 1
github.com/robertguss/recon/internal/find/service.go:111.29,118.4 1 1
github.com/robertguss/recon/internal/find/service.go:119.3,119.74 1 1
github.com/robertguss/recon/internal/find/service.go:122.2,124.16 3 1
github.com/robertguss/recon/internal/find/service.go:124.16,126.3 1 1
github.com/robertguss/recon/internal/find/service.go:128.2,128.53 1 1
github.com/robertguss/recon/internal/find/service.go:131.85,139.16 2 1
github.com/robertguss/recon/internal/find/service.go:139.16,141.3 1 1
github.com/robertguss/recon/internal/find/service.go:142.2,145.18 3 1
github.com/robertguss/recon/internal/find/service.go:145.18,147.42 2 1
github.com/robertguss/recon/internal/find/service.go:147.42,149.4 1 1
github.com/robertguss/recon/internal/find/service.go:150.3,150.26 1 1
github.com/robertguss/recon/internal/find/service.go:152.2,152.35 1 1
github.com/robertguss/recon/internal/find/service.go:152.35,154.3 1 1
github.com/robertguss/recon/internal/find/service.go:155.2,155.17 1 1
github.com/robertguss/recon/internal/find/service.go:158.85,170.16 2 1
github.com/robertguss/recon/internal/find/service.go:170.16,172.3 1 1
github.com/robertguss/recon/internal/find/service.go:173.2,176.18 3 1
github.com/robertguss/recon/internal/find/service.go:176.18,189.17 2 1
github.com/robertguss/recon/internal/find/service.go:189.17,191.4 1 1
github.com/robertguss/recon/internal/find/service.go:192.3,192.27 1 1
github.com/robertguss/recon/internal/find/service.go:194.2,194.35 1 1
github.com/robertguss/recon/internal/find/service.go:194.35,196.3 1 1
github.com/robertguss/recon/internal/find/service.go:197.2,197.18 1 1
github.com/robertguss/recon/internal/db/db.go:21.35,23.2 1 1
github.com/robertguss/recon/internal/db/db.go:25.33,27.2 1 1
github.com/robertguss/recon/internal/db/db.go:29.50,31.48 2 1
github.com/robertguss/recon/internal/db/db.go:31.48,33.3 1 1
github.com/robertguss/recon/internal/db/db.go:34.2,34.17 1 1
github.com/robertguss/recon/internal/db/db.go:37.41,39.16 2 1
github.com/robertguss/recon/internal/db/db.go:39.16,41.3 1 1
github.com/robertguss/recon/internal/db/db.go:42.2,44.66 2 1
github.com/robertguss/recon/internal/db/db.go:44.66,47.3 2 1
github.com/robertguss/recon/internal/db/db.go:48.2,48.18 1 1
github.com/robertguss/recon/internal/db/db.go:51.41,56.51 4 1
github.com/robertguss/recon/internal/db/db.go:56.51,58.3 1 1
github.com/robertguss/recon/internal/db/db.go:59.2,59.43 1 1
github.com/robertguss/recon/internal/db/db.go:59.43,61.3 1 1
github.com/robertguss/recon/internal/db/db.go:63.2,64.19 2 1
github.com/robertguss/recon/internal/db/db.go:64.19,66.3 1 1
github.com/robertguss/recon/internal/db/db.go:66.8,68.37 2 1
github.com/robertguss/recon/internal/db/db.go:68.37,70.4 1 1
github.com/robertguss/recon/internal/db/db.go:71.3,71.24 1 1
github.com/robertguss/recon/internal/db/db.go:74.2,74.64 1 1
github.com/robertguss/recon/internal/db/db.go:74.64,76.3 1 1
github.com/robertguss/recon/internal/db/db.go:77.2,77.12 1 1
github.com/robertguss/recon/internal/db/migrate.go:21.58,21.75 1 1
github.com/robertguss/recon/internal/db/migrate.go:24.40,26.16 2 1
github.com/robertguss/recon/internal/db/migrate.go:26.16,28.3 1 1
github.com/robertguss/recon/internal/db/migrate.go:30.2,31.16 2 1
github.com/robertguss/recon/internal/db/migrate.go:31.16,33.3 1 1
github.com/robertguss/recon/internal/db/migrate.go:35.2,36.16 2 1
github.com/robertguss/recon/internal/db/migrate.go:36.16,38.3 1 1
github.com/robertguss/recon/internal/db/migrate.go:40.2,40.84 1 1
github.com/robertguss/recon/internal/db/migrate.go:40.84,42.3 1 1
github.com/robertguss/recon/internal/db/migrate.go:43.2,43.12 1 1
github.com/robertguss/recon/internal/db/sync_state.go:26.77,43.16 2 1
github.com/robertguss/recon/internal/db/sync_state.go:43.16,45.3 1 1
github.com/robertguss/recon/internal/db/sync_state.go:46.2,46.12 1 1
github.com/robertguss/recon/internal/db/sync_state.go:49.80,65.26 3 1
github.com/robertguss/recon/internal/db/sync_state.go:65.26,67.3 1 1
github.com/robertguss/recon/internal/db/sync_state.go:68.2,68.16 1 1
github.com/robertguss/recon/internal/db/sync_state.go:68.16,70.3 1 1
github.com/robertguss/recon/internal/db/sync_state.go:72.2,73.16 2 1
github.com/robertguss/recon/internal/db/sync_state.go:73.16,75.3 1 1
github.com/robertguss/recon/internal/db/sync_state.go:76.2,78.25 3 1
github.com/robertguss/recon/internal/db/sync_state.go:81.28,82.7 1 1
github.com/robertguss/recon/internal/db/sync_state.go:82.7,84.3 1 1
github.com/robertguss/recon/internal/db/sync_state.go:85.2,85.10 1 1
github.com/robertguss/recon/internal/knowledge/service.go:41.40,43.2 1 1
github.com/robertguss/recon/internal/knowledge/service.go:45.121,46.39 1 1
github.com/robertguss/recon/internal/knowledge/service.go:46.39,48.3 1 1
github.com/robertguss/recon/internal/knowledge/service.go:49.2,49.43 1 1
github.com/robertguss/recon/internal/knowledge/service.go:49.43,51.3 1 1
github.com/robertguss/recon/internal/knowledge/service.go:52.2,52.49 1 1
github.com/robertguss/recon/internal/knowledge/service.go:52.49,54.3 1 1
github.com/robertguss/recon/internal/knowledge/service.go:55.2,55.43 1 1
github.com/robertguss/recon/internal/knowledge/service.go:55.43,57.3 1 1
github.com/robertguss/recon/internal/knowledge/service.go:58.2,58.43 1 1
github.com/robertguss/recon/internal/knowledge/service.go:58.43,60.3 1 1
github.com/robertguss/recon/internal/knowledge/service.go:62.2,63.22 2 1
github.com/robertguss/recon/internal/knowledge/service.go:63.22,65.3 1 1
github.com/robertguss/recon/internal/knowledge/service.go:67.2,77.16 4 1
github.com/robertguss/recon/internal/knowledge/service.go:77.16,79.3 1 1
github.com/robertguss/recon/internal/knowledge/service.go:81.2,82.16 2 1
github.com/robertguss/recon/internal/knowledge/service.go:82.16,84.3 1 1
github.com/robertguss/recon/internal/knowledge/service.go:85.2,91.16 3 1
github.com/robertguss/recon/internal/knowledge/service.go:91.16,93.3 1 1
github.com/robertguss/recon/internal/knowledge/service.go:94.2,95.16 2 1
github.com/robertguss/recon/internal/knowledge/service.go:95.16,97.3 1 1
github.com/robertguss/recon/internal/knowledge/service.go:99.2,101.16 3 1
github.com/robertguss/recon/internal/knowledge/service.go:101.16,103.3 1 1
github.com/robertguss/recon/internal/knowledge/service.go:105.2,106.16 2 1
github.com/robertguss/recon/internal/knowledge/service.go:106.16,108.3 1 1
github.com/robertguss/recon/internal/knowledge/service.go:109.2,113.16 2 1
github.com/robertguss/recon/internal/knowledge/service.go:113.16,115.3 1 1
github.com/robertguss/recon/internal/knowledge/service.go:117.2,118.20 2 1
github.com/robertguss/recon/internal/knowledge/service.go:118.20,123.17 2 1
github.com/robertguss/recon/internal/knowledge/service.go:123.17,125.4 1 1
github.com/robertguss/recon/internal/knowledge/service.go:126.3,127.17 2 1
github.com/robertguss/recon/internal/knowledge/service.go:127.17,129.4 1 1
github.com/robertguss/recon/internal/knowledge/service.go:131.3,143.146 1 1
github.com/robertguss/recon/internal/knowledge/service.go:143.146,145.4 1 1
github.com/robertguss/recon/internal/knowledge/service.go:147.3,151.52 1 1
github.com/robertguss/recon/internal/knowledge/service.go:151.52,153.4 1 1
github.com/robertguss/recon/internal/knowledge/service.go:155.3,158.76 1 1
github.com/robertguss/recon/internal/knowledge/service.go:158.76,160.4 1 1
github.com/robertguss/recon/internal/knowledge/service.go:162.3,162.37 1 1
github.com/robertguss/recon/internal/knowledge/service.go:162.37,164.4 1 1
github.com/robertguss/recon/internal/knowledge/service.go:166.3,172.9 1 1
github.com/robertguss/recon/internal/knowledge/service.go:175.2,187.167 1 1
github.com/robertguss/recon/internal/knowledge/service.go:187.167,189.3 1 1
github.com/robertguss/recon/internal/knowledge/service.go:191.2,195.40 1 1
github.com/robertguss/recon/internal/knowledge/service.go:195.40,197.3 1 1
github.com/robertguss/recon/internal/knowledge/service.go:199.2,199.36 1 1
github.com/robertguss/recon/internal/knowledge/service.go:199.36,201.3 1 1
github.com/robertguss/recon/internal/knowledge/service.go:203.2,208.8 1 1
github.com/robertguss/recon/internal/knowledge/service.go:217.99,218.22 1 1
github.com/robertguss/recon/internal/knowledge/service.go:219.21,220.54 1 1
github.com/robertguss/recon/internal/knowledge/service.go:221.23,222.46 1 1
github.com/robertguss/recon/internal/knowledge/service.go:223.22,224.55 1 1
github.com/robertguss/recon/internal/knowledge/service.go:225.10,226.82 1 1
github.com/robertguss/recon/internal/knowledge/service.go:230.93,234.63 2 1
github.com/robertguss/recon/internal/knowledge/service.go:234.63,236.3 1 1
github.com/robertguss/recon/internal/knowledge/service.go:237.2,237.40 1 1
github.com/robertguss/recon/internal/knowledge/service.go:237.40,239.3 1 1
github.com/robertguss/recon/internal/knowledge/service.go:241.2,242.29 2 1
github.com/robertguss/recon/internal/knowledge/service.go:242.29,244.3 1 1
github.com/robertguss/recon/internal/knowledge/service.go:245.2,255.8 3 1
github.com/robertguss/recon/internal/knowledge/service.go:258.97,262.63 2 1
github.com/robertguss/recon/internal/knowledge/service.go:262.63,264.3 1 1
github.com/robertguss/recon/internal/knowledge/service.go:265.2,265.40 1 1
github.com/robertguss/recon/internal/knowledge/service.go:265.40,267.3 1 1
github.com/robertguss/recon/internal/knowledge/service.go:269.2,270.122 2 1
github.com/robertguss/recon/internal/knowledge/service.go:270.122,272.3 1 1
github.com/robertguss/recon/internal/knowledge/service.go:273.2,282.8 2 1
github.com/robertguss/recon/internal/knowledge/service.go:285.94,290.63 2 1
github.com/robertguss/recon/internal/knowledge/service.go:290.63,292.3 1 1
github.com/robertguss/recon/internal/knowledge/service.go:293.2,293.43 1 1
github.com/robertguss/recon/internal/knowledge/service.go:293.43,295.3 1 1
github.com/robertguss/recon/internal/knowledge/service.go:297.2,298.16 2 1
github.com/robertguss/recon/internal/knowledge/service.go:298.16,300.3 1 1
github.com/robertguss/recon/internal/knowledge/service.go:302.2,303.16 2 1
github.com/robertguss/recon/internal/knowledge/service.go:303.16,305.3 1 1
github.com/robertguss/recon/internal/knowledge/service.go:307.2,309.26 3 1
github.com/robertguss/recon/internal/knowledge/service.go:309.26,310.23 1 1
github.com/robertguss/recon/internal/knowledge/service.go:310.23,313.31 3 1
github.com/robertguss/recon/internal/knowledge/service.go:313.31,314.13 1 1
github.com/robertguss/recon/internal/knowledge/service.go:317.3,318.26 2 1
github.com/robertguss/recon/internal/knowledge/service.go:318.26,320.4 1 1
github.com/robertguss/recon/internal/knowledge/service.go:323.2,333.8 2 1
github.com/robertguss/recon/cmd/recon/main.go:18.13,20.2 1 1
github.com/robertguss/recon/cmd/recon/main.go:22.16,25.16 3 1
github.com/robertguss/recon/cmd/recon/main.go:25.16,28.3 2 1
github.com/robertguss/recon/cmd/recon/main.go:30.2,30.39 1 1
github.com/robertguss/recon/cmd/recon/main.go:30.39,33.3 2 1
github.com/robertguss/recon/cmd/recon/main.go:34.2,34.10 1 1
github.com/robertguss/recon/internal/cli/decide.go:10.48,24.55 2 1
github.com/robertguss/recon/internal/cli/decide.go:24.55,28.18 3 1
github.com/robertguss/recon/internal/cli/decide.go:28.18,30.5 1 1
github.com/robertguss/recon/internal/cli/decide.go:31.4,42.18 3 1
github.com/robertguss/recon/internal/cli/decide.go:42.18,44.5 1 1
github.com/robertguss/recon/internal/cli/decide.go:46.4,46.15 1 1
github.com/robertguss/recon/internal/cli/decide.go:46.15,48.5 1 1
github.com/robertguss/recon/internal/cli/decide.go:50.4,50.23 1 1
github.com/robertguss/recon/internal/cli/decide.go:50.23,52.5 1 1
github.com/robertguss/recon/internal/cli/decide.go:52.10,54.5 1 1
github.com/robertguss/recon/internal/cli/decide.go:55.4,56.14 2 1
github.com/robertguss/recon/internal/cli/decide.go:60.2,72.12 11 1
github.com/robertguss/recon/internal/cli/find.go:10.46,17.55 2 1
github.com/robertguss/recon/internal/cli/find.go:17.55,20.18 3 1
github.com/robertguss/recon/internal/cli/find.go:20.18,22.5 1 1
github.com/robertguss/recon/internal/cli/find.go:23.4,26.18 3 1
github.com/robertguss/recon/internal/cli/find.go:26.18,27.28 1 1
github.com/robertguss/recon/internal/cli/find.go:28.29,29.17 1 1
github.com/robertguss/recon/internal/cli/find.go:29.17,31.7 1 1
github.com/robertguss/recon/internal/cli/find.go:32.6,32.16 1 1
github.com/robertguss/recon/internal/cli/find.go:33.30,34.17 1 1
github.com/robertguss/recon/internal/cli/find.go:34.17,36.7 1 1
github.com/robertguss/recon/internal/cli/find.go:37.6,37.16 1 1
github.com/robertguss/recon/internal/cli/find.go:38.13,39.16 1 1
github.com/robertguss/recon/internal/cli/find.go:43.4,43.15 1 1
github.com/robertguss/recon/internal/cli/find.go:43.15,45.5 1 1
github.com/robertguss/recon/internal/cli/find.go:47.4,49.36 3 1
github.com/robertguss/recon/internal/cli/find.go:49.36,51.5 1 1
github.com/robertguss/recon/internal/cli/find.go:52.4,55.37 4 1
github.com/robertguss/recon/internal/cli/find.go:55.37,57.5 1 1
github.com/robertguss/recon/internal/cli/find.go:57.10,58.45 1 1
github.com/robertguss/recon/internal/cli/find.go:58.45,60.6 1 1
github.com/robertguss/recon/internal/cli/find.go:62.4,62.14 1 1
github.com/robertguss/recon/internal/cli/find.go:66.2,67.12 2 1
github.com/robertguss/recon/internal/cli/init.go:12.46,18.55 2 1
github.com/robertguss/recon/internal/cli/init.go:18.55,19.63 1 1
github.com/robertguss/recon/internal/cli/init.go:19.63,21.5 1 1
github.com/robertguss/recon/internal/cli/init.go:23.4,25.18 3 1
github.com/robertguss/recon/internal/cli/init.go:25.18,27.5 1 1
github.com/robertguss/recon/internal/cli/init.go:28.4,30.46 2 1
github.com/robertguss/recon/internal/cli/init.go:30.46,32.5 1 1
github.com/robertguss/recon/internal/cli/init.go:33.4,33.61 1 1
github.com/robertguss/recon/internal/cli/init.go:33.61,35.5 1 1
github.com/robertguss/recon/internal/cli/init.go:37.4,37.15 1 1
github.com/robertguss/recon/internal/cli/init.go:37.15,43.5 1 1
github.com/robertguss/recon/internal/cli/init.go:45.4,46.14 2 1
github.com/robertguss/recon/internal/cli/init.go:50.2,51.12 2 1
github.com/robertguss/recon/internal/cli/orient.go:17.101,19.3 1 1
github.com/robertguss/recon/internal/cli/orient.go:20.83,23.3 2 1
github.com/robertguss/recon/internal/cli/orient.go:26.48,32.55 2 1
github.com/robertguss/recon/internal/cli/orient.go:32.55,34.18 2 1
github.com/robertguss/recon/internal/cli/orient.go:34.18,36.5 1 1
github.com/robertguss/recon/internal/cli/orient.go:37.4,40.18 3 1
github.com/robertguss/recon/internal/cli/orient.go:40.18,42.5 1 1
github.com/robertguss/recon/internal/cli/orient.go:44.4,44.33 1 1
github.com/robertguss/recon/internal/cli/orient.go:44.33,45.24 1 1
github.com/robertguss/recon/internal/cli/orient.go:45.24,47.20 2 1
github.com/robertguss/recon/internal/cli/orient.go:47.20,49.7 1 1
github.com/robertguss/recon/internal/cli/orient.go:50.6,50.17 1 1
github.com/robertguss/recon/internal/cli/orient.go:50.17,51.80 1 1
github.com/robertguss/recon/internal/cli/orient.go:51.80,53.8 1 1
github.com/robertguss/recon/internal/cli/orient.go:54.7,55.21 2 1
github.com/robertguss/recon/internal/cli/orient.go:55.21,57.8 1 1
github.com/robertguss/recon/internal/cli/orient.go:59.11,61.6 1 1
github.com/robertguss/recon/internal/cli/orient.go:64.4,64.15 1 1
github.com/robertguss/recon/internal/cli/orient.go:64.15,66.5 1 1
github.com/robertguss/recon/internal/cli/orient.go:68.4,69.14 2 1
github.com/robertguss/recon/internal/cli/orient.go:73.2,74.12 2 1
github.com/robertguss/recon/internal/cli/output.go:13.29,17.2 3 1
github.com/robertguss/recon/internal/cli/output.go:19.30,21.2 1 1
github.com/robertguss/recon/internal/cli/output.go:23.66,27.16 4 1
github.com/robertguss/recon/internal/cli/output.go:27.16,29.3 1 1
github.com/robertguss/recon/internal/cli/output.go:30.2,31.18 2 1
github.com/robertguss/recon/internal/cli/output.go:31.18,33.3 1 1
github.com/robertguss/recon/internal/cli/output.go:34.2,34.16 1 1
github.com/robertguss/recon/internal/cli/output.go:35.18,36.19 1 1
github.com/robertguss/recon/internal/cli/output.go:37.17,38.20 1 1
github.com/robertguss/recon/internal/cli/output.go:39.10,40.25 1 1
github.com/robertguss/recon/internal/cli/recall.go:10.48,20.55 2 1
github.com/robertguss/recon/internal/cli/recall.go:20.55,24.18 3 1
github.com/robertguss/recon/internal/cli/recall.go:24.18,26.5 1 1
github.com/robertguss/recon/internal/cli/recall.go:27.4,30.18 3 1
github.com/robertguss/recon/internal/cli/recall.go:30.18,32.5 1 1
github.com/robertguss/recon/internal/cli/recall.go:34.4,34.15 1 1
github.com/robertguss/recon/internal/cli/recall.go:34.15,36.5 1 1
github.com/robertguss/recon/internal/cli/recall.go:38.4,38.30 1 1
github.com/robertguss/recon/internal/cli/recall.go:38.30,41.5 2 1
github.com/robertguss/recon/internal/cli/recall.go:42.4,42.38 1 1
github.com/robertguss/recon/internal/cli/recall.go:42.38,45.5 2 1
github.com/robertguss/recon/internal/cli/recall.go:46.4,46.14 1 1
github.com/robertguss/recon/internal/cli/recall.go:50.2,52.12 3 1
github.com/robertguss/recon/internal/cli/root.go:22.66,24.16 2 1
github.com/robertguss/recon/internal/cli/root.go:24.16,26.3 1 1
github.com/robertguss/recon/internal/cli/root.go:28.2,29.16 2 1
github.com/robertguss/recon/internal/cli/root.go:29.16,31.3 1 1
github.com/robertguss/recon/internal/cli/root.go:33.2,49.18 9 1
github.com/robertguss/recon/internal/cli/store.go:12.48,14.41 2 1
github.com/robertguss/recon/internal/cli/store.go:14.41,15.37 1 1
github.com/robertguss/recon/internal/cli/store.go:15.37,17.4 1 1
github.com/robertguss/recon/internal/cli/store.go:18.3,18.50 1 1
github.com/robertguss/recon/internal/cli/store.go:21.2,22.16 2 1
github.com/robertguss/recon/internal/cli/store.go:22.16,24.3 1 1
github.com/robertguss/recon/internal/cli/store.go:25.2,25.18 1 1
github.com/robertguss/recon/internal/cli/sync.go:12.100,14.2 1 1
github.com/robertguss/recon/internal/cli/sync.go:16.46,22.55 2 1
github.com/robertguss/recon/internal/cli/sync.go:22.55,24.18 2 1
github.com/robertguss/recon/internal/cli/sync.go:24.18,26.5 1 1
github.com/robertguss/recon/internal/cli/sync.go:27.4,30.18 3 1
github.com/robertguss/recon/internal/cli/sync.go:30.18,32.5 1 1
github.com/robertguss/recon/internal/cli/sync.go:34.4,34.15 1 1
github.com/robertguss/recon/internal/cli/sync.go:34.15,36.5 1 1
github.com/robertguss/recon/internal/cli/sync.go:38.4,40.27 3 1
github.com/robertguss/recon/internal/cli/sync.go:40.27,42.5 1 1
github.com/robertguss/recon/internal/cli/sync.go:43.4,44.14 2 1
github.com/robertguss/recon/internal/cli/sync.go:48.2,49.12 2 1
github.com/robertguss/recon/internal/index/files.go:28.70,31.92 2 1
github.com/robertguss/recon/internal/index/files.go:31.92,32.21 1 1
github.com/robertguss/recon/internal/index/files.go:32.21,34.4 1 1
github.com/robertguss/recon/internal/index/files.go:36.3,36.16 1 1
github.com/robertguss/recon/internal/index/files.go:36.16,37.49 1 1
github.com/robertguss/recon/internal/index/files.go:37.49,39.5 1 1
github.com/robertguss/recon/internal/index/files.go:40.4,40.14 1 1
github.com/robertguss/recon/internal/index/files.go:43.3,44.38 2 1
github.com/robertguss/recon/internal/index/files.go:44.38,46.4 1 1
github.com/robertguss/recon/internal/index/files.go:47.3,47.42 1 1
github.com/robertguss/recon/internal/index/files.go:47.42,49.4 1 1
github.com/robertguss/recon/internal/index/files.go:51.3,52.17 2 1
github.com/robertguss/recon/internal/index/files.go:52.17,54.4 1 1
github.com/robertguss/recon/internal/index/files.go:55.3,58.17 3 1
github.com/robertguss/recon/internal/index/files.go:58.17,60.4 1 1
github.com/robertguss/recon/internal/index/files.go:61.3,61.33 1 1
github.com/robertguss/recon/internal/index/files.go:61.33,63.4 1 1
github.com/robertguss/recon/internal/index/files.go:65.3,73.13 3 1
github.com/robertguss/recon/internal/index/files.go:75.2,75.16 1 1
github.com/robertguss/recon/internal/index/files.go:75.16,77.3 1 1
github.com/robertguss/recon/internal/index/files.go:79.2,79.40 1 1
github.com/robertguss/recon/internal/index/files.go:79.40,81.3 1 1
github.com/robertguss/recon/internal/index/files.go:82.2,82.19 1 1
github.com/robertguss/recon/internal/index/files.go:85.65,87.16 2 1
github.com/robertguss/recon/internal/index/files.go:87.16,89.3 1 1
github.com/robertguss/recon/internal/index/files.go:90.2,90.51 1 1
github.com/robertguss/recon/internal/index/files.go:93.52,95.26 2 1
github.com/robertguss/recon/internal/index/files.go:95.26,100.3 4 1
github.com/robertguss/recon/internal/index/files.go:101.2,101.39 1 1
github.com/robertguss/recon/internal/index/files.go:104.56,105.56 1 1
github.com/robertguss/recon/internal/index/files.go:105.56,107.3 1 1
github.com/robertguss/recon/internal/index/files.go:108.2,108.64 1 1
github.com/robertguss/recon/internal/index/files.go:108.64,110.3 1 1
github.com/robertguss/recon/internal/index/files.go:111.2,111.14 1 1
github.com/robertguss/recon/internal/index/files.go:114.45,116.24 2 1
github.com/robertguss/recon/internal/index/files.go:116.24,118.3 1 1
github.com/robertguss/recon/internal/index/files.go:119.2,120.84 2 1
github.com/robertguss/recon/internal/index/git.go:10.90,13.19 3 1
github.com/robertguss/recon/internal/index/git.go:13.19,15.3 1 1
github.com/robertguss/recon/internal/index/git.go:17.2,19.22 3 1
github.com/robertguss/recon/internal/index/git.go:19.22,21.3 1 1
github.com/robertguss/recon/internal/index/git.go:23.2,23.22 1 1
github.com/robertguss/recon/internal/index/module.go:15.51,17.16 2 1
github.com/robertguss/recon/internal/index/module.go:17.16,19.3 1 1
github.com/robertguss/recon/internal/index/module.go:21.2,21.6 1 1
github.com/robertguss/recon/internal/index/module.go:21.6,23.47 2 1
github.com/robertguss/recon/internal/index/module.go:23.47,25.4 1 1
github.com/robertguss/recon/internal/index/module.go:27.3,28.24 2 1
github.com/robertguss/recon/internal/index/module.go:28.24,30.4 1 1
github.com/robertguss/recon/internal/index/module.go:31.3,31.19 1 1
github.com/robertguss/recon/internal/index/module.go:35.52,37.16 2 1
github.com/robertguss/recon/internal/index/module.go:37.16,39.3 1 1
github.com/robertguss/recon/internal/index/module.go:40.2,43.21 3 1
github.com/robertguss/recon/internal/index/module.go:43.21,45.41 2 1
github.com/robertguss/recon/internal/index/module.go:45.41,48.4 2 1
github.com/robertguss/recon/internal/index/module.go:50.2,50.38 1 1
github.com/robertguss/recon/internal/index/module.go:50.38,52.3 1 1
github.com/robertguss/recon/internal/index/module.go:53.2,53.58 1 1
github.com/robertguss/recon/internal/index/service.go:40.40,42.2 1 1
github.com/robertguss/recon/internal/index/service.go:44.84,46.16 2 1
github.com/robertguss/recon/internal/index/service.go:46.16,48.3 1 1
github.com/robertguss/recon/internal/index/service.go:50.2,51.16 2 1
github.com/robertguss/recon/internal/index/service.go:51.16,53.3 1 1
github.com/robertguss/recon/internal/index/service.go:54.2,59.16 5 1
github.com/robertguss/recon/internal/index/service.go:59.16,61.3 1 1
github.com/robertguss/recon/internal/index/service.go:62.2,70.4 2 1
github.com/robertguss/recon/internal/index/service.go:70.4,71.51 1 1
github.com/robertguss/recon/internal/index/service.go:71.51,73.4 1 1
github.com/robertguss/recon/internal/index/service.go:76.2,86.29 4 1
github.com/robertguss/recon/internal/index/service.go:86.29,89.17 3 1
github.com/robertguss/recon/internal/index/service.go:89.17,91.4 1 1
github.com/robertguss/recon/internal/index/service.go:93.3,94.21 2 1
github.com/robertguss/recon/internal/index/service.go:94.21,96.4 1 1
github.com/robertguss/recon/internal/index/service.go:97.3,98.21 2 1
github.com/robertguss/recon/internal/index/service.go:98.21,100.4 1 1
github.com/robertguss/recon/internal/index/service.go:102.3,103.19 2 1
github.com/robertguss/recon/internal/index/service.go:103.19,108.18 2 1
github.com/robertguss/recon/internal/index/service.go:108.18,110.5 1 1
github.com/robertguss/recon/internal/index/service.go:111.4,112.18 2 1
github.com/robertguss/recon/internal/index/service.go:112.18,114.5 1 1
github.com/robertguss/recon/internal/index/service.go:115.4,116.33 2 1
github.com/robertguss/recon/internal/index/service.go:118.3,125.17 4 1
github.com/robertguss/recon/internal/index/service.go:125.17,127.4 1 1
github.com/robertguss/recon/internal/index/service.go:128.3,129.17 2 1
github.com/robertguss/recon/internal/index/service.go:129.17,131.4 1 1
github.com/robertguss/recon/internal/index/service.go:133.3,133.38 1 1
github.com/robertguss/recon/internal/index/service.go:133.38,135.18 2 1
github.com/robertguss/recon/internal/index/service.go:135.18,137.5 1 1
github.com/robertguss/recon/internal/index/service.go:138.4,139.23 2 1
github.com/robertguss/recon/internal/index/service.go:139.23,141.5 1 1
github.com/robertguss/recon/internal/index/service.go:143.4,145.73 3 1
github.com/robertguss/recon/internal/index/service.go:145.73,149.18 4 1
github.com/robertguss/recon/internal/index/service.go:149.18,151.6 1 1
github.com/robertguss/recon/internal/index/service.go:152.5,152.48 1 1
github.com/robertguss/recon/internal/index/service.go:152.48,154.6 1 1
github.com/robertguss/recon/internal/index/service.go:157.4,164.60 1 1
github.com/robertguss/recon/internal/index/service.go:164.60,166.5 1 1
github.com/robertguss/recon/internal/index/service.go:169.3,169.37 1 1
github.com/robertguss/recon/internal/index/service.go:169.37,171.32 2 1
github.com/robertguss/recon/internal/index/service.go:171.32,181.136 1 1
github.com/robertguss/recon/internal/index/service.go:181.136,183.6 1 1
github.com/robertguss/recon/internal/index/service.go:185.5,188.74 2 1
github.com/robertguss/recon/internal/index/service.go:188.74,190.6 1 1
github.com/robertguss/recon/internal/index/service.go:191.5,193.38 2 1
github.com/robertguss/recon/internal/index/service.go:193.38,197.31 1 1
github.com/robertguss/recon/internal/index/service.go:197.31,199.7 1 1
github.com/robertguss/recon/internal/index/service.go:205.2,205.43 1 1
github.com/robertguss/recon/internal/index/service.go:205.43,210.85 1 1
github.com/robertguss/recon/internal/index/service.go:210.85,212.4 1 1
github.com/robertguss/recon/internal/index/service.go:215.2,221.17 1 1
github.com/robertguss/recon/internal/index/service.go:221.17,223.3 1 1
github.com/robertguss/recon/internal/index/service.go:225.2,225.36 1 1
github.com/robertguss/recon/internal/index/service.go:225.36,227.3 1 1
github.com/robertguss/recon/internal/index/service.go:229.2,237.8 1 1
github.com/robertguss/recon/internal/index/service.go:252.91,255.26 2 1
github.com/robertguss/recon/internal/index/service.go:256.21,268.25 2 1
github.com/robertguss/recon/internal/index/service.go:268.25,270.4 1 1
github.com/robertguss/recon/internal/index/service.go:271.3,271.33 1 1
github.com/robertguss/recon/internal/index/service.go:272.20,274.57 2 1
github.com/robertguss/recon/internal/index/service.go:274.57,276.4 1 1
github.com/robertguss/recon/internal/index/service.go:277.3,277.32 1 1
github.com/robertguss/recon/internal/index/service.go:277.32,278.28 1 1
github.com/robertguss/recon/internal/index/service.go:279.23,288.7 1 1
github.com/robertguss/recon/internal/index/service.go:289.24,290.31 1 1
github.com/robertguss/recon/internal/index/service.go:290.31,300.6 1 1
github.com/robertguss/recon/internal/index/service.go:305.2,305.16 1 1
github.com/robertguss/recon/internal/index/service.go:308.53,309.17 1 1
github.com/robertguss/recon/internal/index/service.go:309.17,311.3 1 1
github.com/robertguss/recon/internal/index/service.go:312.2,313.42 2 1
github.com/robertguss/recon/internal/index/service.go:313.42,315.10 2 1
github.com/robertguss/recon/internal/index/service.go:315.10,317.4 1 1
github.com/robertguss/recon/internal/index/service.go:318.3,318.32 1 1
github.com/robertguss/recon/internal/index/service.go:319.19,320.21 1 1
github.com/robertguss/recon/internal/index/service.go:320.21,322.5 1 1
github.com/robertguss/recon/internal/index/service.go:323.26,324.42 1 1
github.com/robertguss/recon/internal/index/service.go:324.42,326.5 1 1
github.com/robertguss/recon/internal/index/service.go:328.3,328.14 1 1
github.com/robertguss/recon/internal/index/service.go:331.2,332.24 2 1
github.com/robertguss/recon/internal/index/service.go:332.24,334.3 1 1
github.com/robertguss/recon/internal/index/service.go:335.2,336.13 2 1
github.com/robertguss/recon/internal/index/service.go:339.43,340.44 1 1
github.com/robertguss/recon/internal/index/service.go:340.44,342.3 1 1
github.com/robertguss/recon/internal/index/service.go:343.2,344.26 2 1
github.com/robertguss/recon/internal/index/service.go:345.18,346.16 1 1
github.com/robertguss/recon/internal/index/service.go:347.21,348.37 1 1
github.com/robertguss/recon/internal/index/service.go:348.37,350.4 1 1
github.com/robertguss/recon/internal/index/service.go:352.2,352.25 1 1
github.com/robertguss/recon/internal/index/service.go:355.34,356.17 1 1
github.com/robertguss/recon/internal/index/service.go:356.17,358.3 1 1
github.com/robertguss/recon/internal/index/service.go:359.2,360.69 2 1
github.com/robertguss/recon/internal/index/service.go:360.69,362.3 1 1
github.com/robertguss/recon/internal/index/service.go:363.2,363.19 1 1
github.com/robertguss/recon/internal/index/service.go:366.79,367.40 1 1
github.com/robertguss/recon/internal/index/service.go:367.40,369.3 1 1
github.com/robertguss/recon/internal/index/service.go:370.2,371.17 2 1
github.com/robertguss/recon/internal/index/service.go:371.17,373.3 1 1
github.com/robertguss/recon/internal/index/service.go:374.2,376.61 3 1
github.com/robertguss/recon/internal/index/service.go:376.61,378.3 1 1
github.com/robertguss/recon/internal/index/service.go:379.2,379.37 1 1
github.com/robertguss/recon/internal/index/service.go:382.28,383.7 1 1
github.com/robertguss/recon/internal/index/service.go:383.7,385.3 1 1
github.com/robertguss/recon/internal/index/service.go:386.2,386.10 1 1
github.com/robertguss/recon/internal/orient/render.go:8.41,16.31 6 1
github.com/robertguss/recon/internal/orient/render.go:16.31,18.41 2 1
github.com/robertguss/recon/internal/orient/render.go:18.41,20.4 1 1
github.com/robertguss/recon/internal/orient/render.go:21.3,21.22 1 1
github.com/robertguss/recon/internal/orient/render.go:24.2,32.31 3 1
github.com/robertguss/recon/internal/orient/render.go:32.31,34.3 1 1
github.com/robertguss/recon/internal/orient/render.go:34.8,35.37 1 1
github.com/robertguss/recon/internal/orient/render.go:35.37,37.4 1 1
github.com/robertguss/recon/internal/orient/render.go:39.2,42.39 3 1
github.com/robertguss/recon/internal/orient/render.go:42.39,44.3 1 1
github.com/robertguss/recon/internal/orient/render.go:44.8,45.45 1 1
github.com/robertguss/recon/internal/orient/render.go:45.45,47.4 1 1
github.com/robertguss/recon/internal/orient/render.go:50.2,50.31 1 1
github.com/robertguss/recon/internal/orient/render.go:50.31,52.38 2 1
github.com/robertguss/recon/internal/orient/render.go:52.38,54.4 1 1
github.com/robertguss/recon/internal/orient/render.go:57.2,57.45 1 1
github.com/robertguss/recon/internal/orient/service.go:69.40,71.2 1 1
github.com/robertguss/recon/internal/orient/service.go:73.82,75.16 2 1
github.com/robertguss/recon/internal/orient/service.go:75.16,77.3 1 1
github.com/robertguss/recon/internal/orient/service.go:79.2,87.26 2 1
github.com/robertguss/recon/internal/orient/service.go:87.26,89.3 1 1
github.com/robertguss/recon/internal/orient/service.go:90.2,90.28 1 1
github.com/robertguss/recon/internal/orient/service.go:90.28,92.3 1 1
github.com/robertguss/recon/internal/orient/service.go:94.2,94.53 1 1
github.com/robertguss/recon/internal/orient/service.go:94.53,96.3 1 1
github.com/robertguss/recon/internal/orient/service.go:97.2,97.70 1 1
github.com/robertguss/recon/internal/orient/service.go:97.70,99.3 1 1
github.com/robertguss/recon/internal/orient/service.go:100.2,100.74 1 1
github.com/robertguss/recon/internal/orient/service.go:100.74,102.3 1 1
github.com/robertguss/recon/internal/orient/service.go:104.2,105.16 2 1
github.com/robertguss/recon/internal/orient/service.go:105.16,107.3 1 1
github.com/robertguss/recon/internal/orient/service.go:108.2,110.9 2 1
github.com/robertguss/recon/internal/orient/service.go:111.15,112.101 1 1
github.com/robertguss/recon/internal/orient/service.go:113.98,120.4 1 1
github.com/robertguss/recon/internal/orient/service.go:121.43,128.4 1 1
github.com/robertguss/recon/internal/orient/service.go:129.10,131.17 2 1
github.com/robertguss/recon/internal/orient/service.go:131.17,140.4 2 1
github.com/robertguss/recon/internal/orient/service.go:140.9,140.51 1 1
github.com/robertguss/recon/internal/orient/service.go:140.51,148.4 1 1
github.com/robertguss/recon/internal/orient/service.go:148.9,156.4 1 1
github.com/robertguss/recon/internal/orient/service.go:159.2,159.21 1 1
github.com/robertguss/recon/internal/orient/service.go:162.76,163.114 1 1
github.com/robertguss/recon/internal/orient/service.go:163.114,165.3 1 1
github.com/robertguss/recon/internal/orient/service.go:166.2,166.118 1 1
github.com/robertguss/recon/internal/orient/service.go:166.118,168.3 1 1
github.com/robertguss/recon/internal/orient/service.go:169.2,169.120 1 1
github.com/robertguss/recon/internal/orient/service.go:169.120,171.3 1 1
github.com/robertguss/recon/internal/orient/service.go:172.2,172.146 1 1
github.com/robertguss/recon/internal/orient/service.go:172.146,174.3 1 1
github.com/robertguss/recon/internal/orient/service.go:175.2,175.12 1 1
github.com/robertguss/recon/internal/orient/service.go:178.87,185.16 2 1
github.com/robertguss/recon/internal/orient/service.go:185.16,187.3 1 1
github.com/robertguss/recon/internal/orient/service.go:188.2,190.18 2 1
github.com/robertguss/recon/internal/orient/service.go:190.18,192.81 2 1
github.com/robertguss/recon/internal/orient/service.go:192.81,194.4 1 1
github.com/robertguss/recon/internal/orient/service.go:195.3,195.47 1 1
github.com/robertguss/recon/internal/orient/service.go:197.2,197.35 1 1
github.com/robertguss/recon/internal/orient/service.go:197.35,199.3 1 1
github.com/robertguss/recon/internal/orient/service.go:200.2,200.12 1 1
github.com/robertguss/recon/internal/orient/service.go:203.89,212.16 2 1
github.com/robertguss/recon/internal/orient/service.go:212.16,214.3 1 1
github.com/robertguss/recon/internal/orient/service.go:215.2,217.18 2 1
github.com/robertguss/recon/internal/orient/service.go:217.18,219.91 2 1
github.com/robertguss/recon/internal/orient/service.go:219.91,221.4 1 1
github.com/robertguss/recon/internal/orient/service.go:222.3,222.63 1 1
github.com/robertguss/recon/internal/orient/service.go:224.2,224.35 1 1
github.com/robertguss/recon/internal/orient/service.go:224.35,226.3 1 1
github.com/robertguss/recon/internal/orient/service.go:227.2,227.12 1 1
